This file contains any messages produced by compilers while
running configure, to aid debugging if configure makes a mistake.

It was created by sqlite configure 3.8.1, which was
generated by GNU Autoconf 2.69.  Invocation command line was

  $ ./configure 

## --------- ##
## Platform. ##
## --------- ##

hostname = mathangi
uname -m = x86_64
uname -r = 5.15.0-50-generic
uname -s = Linux
uname -v = #56~20.04.1-Ubuntu SMP Tue Sep 27 15:51:29 UTC 2022

/usr/bin/uname -p = x86_64
/bin/uname -X     = unknown

/bin/arch              = x86_64
/usr/bin/arch -k       = unknown
/usr/convex/getsysinfo = unknown
/usr/bin/hostinfo      = unknown
/bin/machine           = unknown
/usr/bin/oslevel       = unknown
/bin/universe          = unknown

PATH: /home/mathangi/Desktop/PES/Sem 5/SE/Project/learning-flask/flaskapp/bin
PATH: /home/mathangi/Desktop/PES/Sem 5/SE/Project/learning-flask/flaskapp/bin
PATH: /home/mathangi/.local/bin
PATH: /usr/local/sbin
PATH: /usr/local/bin
PATH: /usr/sbin
PATH: /usr/bin
PATH: /sbin
PATH: /bin
PATH: /usr/games
PATH: /usr/local/games
PATH: /snap/bin
PATH: /snap/bin


## ----------- ##
## Core tests. ##
## ----------- ##

configure:2208: checking for a BSD-compatible install
configure:2276: result: /usr/bin/install -c
configure:2287: checking whether build environment is sane
configure:2337: result: yes
configure:2478: checking for a thread-safe mkdir -p
configure:2517: result: /usr/bin/mkdir -p
configure:2530: checking for gawk
configure:2546: found /usr/bin/gawk
configure:2557: result: gawk
configure:2568: checking whether make sets $(MAKE)
configure:2590: result: yes
configure:2683: checking for style of include used by make
configure:2711: result: GNU
configure:2782: checking for gcc
configure:2798: found /usr/bin/gcc
configure:2809: result: gcc
configure:3038: checking for C compiler version
configure:3047: gcc --version >&5
gcc (Ubuntu 9.4.0-1ubuntu1~20.04.1) 9.4.0
Copyright (C) 2019 Free Software Foundation, Inc.
This is free software; see the source for copying conditions.  There is NO
warranty; not even for MERCHANTABILITY or FITNESS FOR A PARTICULAR PURPOSE.

configure:3058: $? = 0
configure:3047: gcc -v >&5
Using built-in specs.
COLLECT_GCC=gcc
COLLECT_LTO_WRAPPER=/usr/lib/gcc/x86_64-linux-gnu/9/lto-wrapper
OFFLOAD_TARGET_NAMES=nvptx-none:hsa
OFFLOAD_TARGET_DEFAULT=1
Target: x86_64-linux-gnu
Configured with: ../src/configure -v --with-pkgversion='Ubuntu 9.4.0-1ubuntu1~20.04.1' --with-bugurl=file:///usr/share/doc/gcc-9/README.Bugs --enable-languages=c,ada,c++,go,brig,d,fortran,objc,obj-c++,gm2 --prefix=/usr --with-gcc-major-version-only --program-suffix=-9 --program-prefix=x86_64-linux-gnu- --enable-shared --enable-linker-build-id --libexecdir=/usr/lib --without-included-gettext --enable-threads=posix --libdir=/usr/lib --enable-nls --enable-clocale=gnu --enable-libstdcxx-debug --enable-libstdcxx-time=yes --with-default-libstdcxx-abi=new --enable-gnu-unique-object --disable-vtable-verify --enable-plugin --enable-default-pie --with-system-zlib --with-target-system-zlib=auto --enable-objc-gc=auto --enable-multiarch --disable-werror --with-arch-32=i686 --with-abi=m64 --with-multilib-list=m32,m64,mx32 --enable-multilib --with-tune=generic --enable-offload-targets=nvptx-none=/build/gcc-9-Av3uEd/gcc-9-9.4.0/debian/tmp-nvptx/usr,hsa --without-cuda-driver --enable-checking=release --build=x86_64-linux-gnu --host=x86_64-linux-gnu --target=x86_64-linux-gnu
Thread model: posix
gcc version 9.4.0 (Ubuntu 9.4.0-1ubuntu1~20.04.1) 
configure:3058: $? = 0
configure:3047: gcc -V >&5
gcc: error: unrecognized command line option '-V'
gcc: fatal error: no input files
compilation terminated.
configure:3058: $? = 1
configure:3047: gcc -qversion >&5
gcc: error: unrecognized command line option '-qversion'; did you mean '--version'?
gcc: fatal error: no input files
compilation terminated.
configure:3058: $? = 1
configure:3078: checking whether the C compiler works
configure:3100: gcc    conftest.c  >&5
configure:3104: $? = 0
configure:3152: result: yes
configure:3155: checking for C compiler default output file name
configure:3157: result: a.out
configure:3163: checking for suffix of executables
configure:3170: gcc -o conftest    conftest.c  >&5
configure:3174: $? = 0
configure:3196: result: 
configure:3218: checking whether we are cross compiling
configure:3226: gcc -o conftest    conftest.c  >&5
configure:3230: $? = 0
configure:3237: ./conftest
configure:3241: $? = 0
configure:3229: result: no
configure:3234: checking for suffix of object files
configure:3256: gcc -c   conftest.c >&5
configure:3260: $? = 0
configure:3281: result: o
configure:3285: checking whether we are using the GNU C compiler
configure:3304: gcc -c   conftest.c >&5
configure:3304: $? = 0
configure:3313: result: yes
configure:3322: checking whether gcc accepts -g
configure:3342: gcc -c -g  conftest.c >&5
configure:3342: $? = 0
configure:3383: result: yes
configure:3400: checking for gcc option to accept ISO C89
configure:3463: gcc  -c -g -O2  conftest.c >&5
configure:3463: $? = 0
configure:3476: result: none needed
configure:3498: checking dependency style of gcc
configure:3609: result: gcc3
configure:3632: checking for special C compiler options needed for large files
configure:3677: result: no
configure:3683: checking for _FILE_OFFSET_BITS value needed for large files
configure:3708: gcc -c -g -O2  conftest.c >&5
configure:3708: $? = 0
configure:3740: result: no
configure:3875: checking for gcc
configure:3902: result: gcc
configure:4131: checking for C compiler version
configure:4140: gcc --version >&5
gcc (Ubuntu 9.4.0-1ubuntu1~20.04.1) 9.4.0
Copyright (C) 2019 Free Software Foundation, Inc.
This is free software; see the source for copying conditions.  There is NO
warranty; not even for MERCHANTABILITY or FITNESS FOR A PARTICULAR PURPOSE.

configure:4151: $? = 0
configure:4140: gcc -v >&5
Using built-in specs.
COLLECT_GCC=gcc
COLLECT_LTO_WRAPPER=/usr/lib/gcc/x86_64-linux-gnu/9/lto-wrapper
OFFLOAD_TARGET_NAMES=nvptx-none:hsa
OFFLOAD_TARGET_DEFAULT=1
Target: x86_64-linux-gnu
Configured with: ../src/configure -v --with-pkgversion='Ubuntu 9.4.0-1ubuntu1~20.04.1' --with-bugurl=file:///usr/share/doc/gcc-9/README.Bugs --enable-languages=c,ada,c++,go,brig,d,fortran,objc,obj-c++,gm2 --prefix=/usr --with-gcc-major-version-only --program-suffix=-9 --program-prefix=x86_64-linux-gnu- --enable-shared --enable-linker-build-id --libexecdir=/usr/lib --without-included-gettext --enable-threads=posix --libdir=/usr/lib --enable-nls --enable-clocale=gnu --enable-libstdcxx-debug --enable-libstdcxx-time=yes --with-default-libstdcxx-abi=new --enable-gnu-unique-object --disable-vtable-verify --enable-plugin --enable-default-pie --with-system-zlib --with-target-system-zlib=auto --enable-objc-gc=auto --enable-multiarch --disable-werror --with-arch-32=i686 --with-abi=m64 --with-multilib-list=m32,m64,mx32 --enable-multilib --with-tune=generic --enable-offload-targets=nvptx-none=/build/gcc-9-Av3uEd/gcc-9-9.4.0/debian/tmp-nvptx/usr,hsa --without-cuda-driver --enable-checking=release --build=x86_64-linux-gnu --host=x86_64-linux-gnu --target=x86_64-linux-gnu
Thread model: posix
gcc version 9.4.0 (Ubuntu 9.4.0-1ubuntu1~20.04.1) 
configure:4151: $? = 0
configure:4140: gcc -V >&5
gcc: error: unrecognized command line option '-V'
gcc: fatal error: no input files
compilation terminated.
configure:4151: $? = 1
configure:4140: gcc -qversion >&5
gcc: error: unrecognized command line option '-qversion'; did you mean '--version'?
gcc: fatal error: no input files
compilation terminated.
configure:4151: $? = 1
configure:4155: checking whether we are using the GNU C compiler
configure:4183: result: yes
configure:4192: checking whether gcc accepts -g
configure:4253: result: yes
configure:4270: checking for gcc option to accept ISO C89
configure:4346: result: none needed
configure:4368: checking dependency style of gcc
configure:4479: result: gcc3
configure:4537: checking for ranlib
configure:4553: found /usr/bin/ranlib
configure:4564: result: ranlib
configure:4588: WARNING: Libtool does not cope well with whitespace in `pwd`
configure:4615: checking build system type
configure:4629: result: x86_64-unknown-linux-gnu
configure:4649: checking host system type
configure:4662: result: x86_64-unknown-linux-gnu
configure:4703: checking how to print strings
configure:4730: result: printf
configure:4751: checking for a sed that does not truncate output
configure:4815: result: /usr/bin/sed
configure:4833: checking for grep that handles long lines and -e
configure:4891: result: /usr/bin/grep
configure:4896: checking for egrep
configure:4958: result: /usr/bin/grep -E
configure:4963: checking for fgrep
configure:5025: result: /usr/bin/grep -F
configure:5060: checking for ld used by gcc
configure:5127: result: /usr/bin/ld
configure:5134: checking if the linker (/usr/bin/ld) is GNU ld
configure:5149: result: yes
configure:5161: checking for BSD- or MS-compatible name lister (nm)
configure:5210: result: /usr/bin/nm -B
configure:5340: checking the name lister (/usr/bin/nm -B) interface
configure:5347: gcc -c -g -O2  conftest.c >&5
configure:5350: /usr/bin/nm -B "conftest.o"
configure:5353: output
0000000000000000 B some_variable
configure:5354: result: BSD nm
configure:5357: checking whether ln -s works
configure:5361: result: yes
configure:5369: checking the maximum length of command line arguments
configure:5499: result: 1572864
configure:5516: checking whether the shell understands some XSI constructs
configure:5525: result: yes
configure:5529: checking whether the shell understands "+="
configure:5533: result: yes
configure:5568: checking how to convert x86_64-unknown-linux-gnu file names to x86_64-unknown-linux-gnu format
configure:5608: result: func_convert_file_noop
configure:5615: checking how to convert x86_64-unknown-linux-gnu file names to toolchain format
configure:5635: result: func_convert_file_noop
configure:5642: checking for /usr/bin/ld option to reload object files
configure:5649: result: -r
configure:5723: checking for objdump
configure:5739: found /usr/bin/objdump
configure:5750: result: objdump
configure:5782: checking how to recognize dependent libraries
configure:5984: result: pass_all
configure:6069: checking for dlltool
configure:6099: result: no
configure:6129: checking how to associate runtime and link libraries
configure:6156: result: printf %s\n
configure:6216: checking for ar
configure:6232: found /usr/bin/ar
configure:6243: result: ar
configure:6280: checking for archiver @FILE support
configure:6297: gcc -c -g -O2  conftest.c >&5
configure:6297: $? = 0
configure:6300: ar cru libconftest.a @conftest.lst >&5
ar: `u' modifier ignored since `D' is the default (see `U')
configure:6303: $? = 0
configure:6308: ar cru libconftest.a @conftest.lst >&5
ar: `u' modifier ignored since `D' is the default (see `U')
ar: conftest.o: No such file or directory
configure:6311: $? = 1
configure:6310: result: @
configure:6368: checking for strip
configure:6384: found /usr/bin/strip
configure:6395: result: strip
configure:6467: checking for ranlib
configure:6494: result: ranlib
configure:6596: checking command to parse /usr/bin/nm -B output from gcc object
configure:6716: gcc -c -g -O2  conftest.c >&5
configure:6719: $? = 0
configure:6723: /usr/bin/nm -B conftest.o \| sed -n -e 's/^.*[ ]\([ABCDGIRSTW][ABCDGIRSTW]*\)[ ][ ]*\([_A-Za-z][_A-Za-z0-9]*\)$/\1 \2 \2/p' | sed '/ __gnu_lto/d' \> conftest.nm
configure:6726: $? = 0
configure:6792: gcc -o conftest -g -O2   conftest.c conftstm.o >&5
configure:6795: $? = 0
configure:6833: result: ok
configure:6870: checking for sysroot
configure:6900: result: no
configure:6977: gcc -c -g -O2  conftest.c >&5
configure:6980: $? = 0
configure:7156: checking for mt
configure:7172: found /usr/bin/mt
configure:7183: result: mt
configure:7206: checking if mt is a manifest tool
configure:7212: mt '-?'
configure:7220: result: no
configure:7862: checking how to run the C preprocessor
configure:7893: gcc -E  conftest.c
configure:7893: $? = 0
configure:7907: gcc -E  conftest.c
conftest.c:11:10: fatal error: ac_nonexistent.h: No such file or directory
   11 | #include <ac_nonexistent.h>
      |          ^~~~~~~~~~~~~~~~~~
compilation terminated.
configure:7907: $? = 1
configure: failed program was:
| /* confdefs.h */
| #define PACKAGE_NAME "sqlite"
| #define PACKAGE_TARNAME "sqlite"
| #define PACKAGE_VERSION "3.8.1"
| #define PACKAGE_STRING "sqlite 3.8.1"
| #define PACKAGE_BUGREPORT "http://www.sqlite.org"
| #define PACKAGE_URL ""
| #define PACKAGE "sqlite"
| #define VERSION "3.8.1"
| /* end confdefs.h.  */
| #include <ac_nonexistent.h>
configure:7932: result: gcc -E
configure:7952: gcc -E  conftest.c
configure:7952: $? = 0
configure:7966: gcc -E  conftest.c
conftest.c:11:10: fatal error: ac_nonexistent.h: No such file or directory
   11 | #include <ac_nonexistent.h>
      |          ^~~~~~~~~~~~~~~~~~
compilation terminated.
configure:7966: $? = 1
configure: failed program was:
| /* confdefs.h */
| #define PACKAGE_NAME "sqlite"
| #define PACKAGE_TARNAME "sqlite"
| #define PACKAGE_VERSION "3.8.1"
| #define PACKAGE_STRING "sqlite 3.8.1"
| #define PACKAGE_BUGREPORT "http://www.sqlite.org"
| #define PACKAGE_URL ""
| #define PACKAGE "sqlite"
| #define VERSION "3.8.1"
| /* end confdefs.h.  */
| #include <ac_nonexistent.h>
configure:7995: checking for ANSI C header files
configure:8015: gcc -c -g -O2  conftest.c >&5
configure:8015: $? = 0
configure:8088: gcc -o conftest -g -O2   conftest.c  >&5
configure:8088: $? = 0
configure:8088: ./conftest
configure:8088: $? = 0
configure:8099: result: yes
configure:8112: checking for sys/types.h
configure:8112: gcc -c -g -O2  conftest.c >&5
configure:8112: $? = 0
configure:8112: result: yes
configure:8112: checking for sys/stat.h
configure:8112: gcc -c -g -O2  conftest.c >&5
configure:8112: $? = 0
configure:8112: result: yes
configure:8112: checking for stdlib.h
configure:8112: gcc -c -g -O2  conftest.c >&5
configure:8112: $? = 0
configure:8112: result: yes
configure:8112: checking for string.h
configure:8112: gcc -c -g -O2  conftest.c >&5
configure:8112: $? = 0
configure:8112: result: yes
configure:8112: checking for memory.h
configure:8112: gcc -c -g -O2  conftest.c >&5
configure:8112: $? = 0
configure:8112: result: yes
configure:8112: checking for strings.h
configure:8112: gcc -c -g -O2  conftest.c >&5
configure:8112: $? = 0
configure:8112: result: yes
configure:8112: checking for inttypes.h
configure:8112: gcc -c -g -O2  conftest.c >&5
configure:8112: $? = 0
configure:8112: result: yes
configure:8112: checking for stdint.h
configure:8112: gcc -c -g -O2  conftest.c >&5
configure:8112: $? = 0
configure:8112: result: yes
configure:8112: checking for unistd.h
configure:8112: gcc -c -g -O2  conftest.c >&5
configure:8112: $? = 0
configure:8112: result: yes
configure:8126: checking for dlfcn.h
configure:8126: gcc -c -g -O2  conftest.c >&5
configure:8126: $? = 0
configure:8126: result: yes
configure:8332: checking for objdir
configure:8347: result: .libs
configure:8614: checking if gcc supports -fno-rtti -fno-exceptions
configure:8632: gcc -c -g -O2  -fno-rtti -fno-exceptions conftest.c >&5
cc1: warning: command line option '-fno-rtti' is valid for C++/D/ObjC++ but not for C
configure:8636: $? = 0
configure:8649: result: no
configure:8976: checking for gcc option to produce PIC
configure:8983: result: -fPIC -DPIC
configure:8991: checking if gcc PIC flag -fPIC -DPIC works
configure:9009: gcc -c -g -O2  -fPIC -DPIC -DPIC conftest.c >&5
configure:9013: $? = 0
configure:9026: result: yes
configure:9055: checking if gcc static flag -static works
configure:9083: result: yes
configure:9098: checking if gcc supports -c -o file.o
configure:9119: gcc -c -g -O2  -o out/conftest2.o conftest.c >&5
configure:9123: $? = 0
configure:9145: result: yes
configure:9153: checking if gcc supports -c -o file.o
configure:9200: result: yes
configure:9233: checking whether the gcc linker (/usr/bin/ld -m elf_x86_64) supports shared libraries
configure:10386: result: yes
configure:10423: checking whether -lc should be explicitly linked in
configure:10431: gcc -c -g -O2  conftest.c >&5
configure:10434: $? = 0
configure:10449: gcc -shared  -fPIC -DPIC conftest.o  -v -Wl,-soname -Wl,conftest -o conftest 2\>\&1 \| /usr/bin/grep  -lc  \>/dev/null 2\>\&1
configure:10452: $? = 0
configure:10466: result: no
configure:10626: checking dynamic linker characteristics
configure:11137: gcc -o conftest -g -O2   -Wl,-rpath -Wl,/foo conftest.c  >&5
configure:11137: $? = 0
configure:11359: result: GNU/Linux ld.so
configure:11466: checking how to hardcode library paths into programs
configure:11491: result: immediate
configure:12031: checking whether stripping libraries is possible
configure:12036: result: yes
configure:12071: checking if libtool supports shared libraries
configure:12073: result: yes
configure:12076: checking whether to build shared libraries
configure:12097: result: yes
configure:12100: checking whether to build static libraries
configure:12104: result: yes
configure:9157: checking for fdatasync
configure:9157: gcc -o conftest -g -O2   conftest.c  >&5
configure:9157: $? = 0
configure:9157: result: yes
configure:9157: checking for usleep
configure:9157: gcc -o conftest -g -O2   conftest.c  >&5
configure:9157: $? = 0
configure:9157: result: yes
configure:9157: checking for fullfsync
configure:9157: gcc -o conftest -g -O2   conftest.c  >&5
/usr/bin/ld: /tmp/ccfOHXBX.o: in function `main':
/home/mathangi/Desktop/PES/Sem 5/SE/Project/learning-flask/sqlite-autoconf-3080100/conftest.c:59: undefined reference to `fullfsync'
collect2: error: ld returned 1 exit status
configure:9157: $? = 1
configure: failed program was:
| /* confdefs.h */
| #define PACKAGE_NAME "sqlite"
| #define PACKAGE_TARNAME "sqlite"
| #define PACKAGE_VERSION "3.8.1"
| #define PACKAGE_STRING "sqlite 3.8.1"
| #define PACKAGE_BUGREPORT "http://www.sqlite.org"
| #define PACKAGE_URL ""
| #define PACKAGE "sqlite"
| #define VERSION "3.8.1"
| #define STDC_HEADERS 1
| #define HAVE_SYS_TYPES_H 1
| #define HAVE_SYS_STAT_H 1
| #define HAVE_STDLIB_H 1
| #define HAVE_STRING_H 1
| #define HAVE_MEMORY_H 1
| #define HAVE_STRINGS_H 1
| #define HAVE_INTTYPES_H 1
| #define HAVE_STDINT_H 1
| #define HAVE_UNISTD_H 1
| #define HAVE_DLFCN_H 1
| #define LT_OBJDIR ".libs/"
| #define HAVE_FDATASYNC 1
| #define HAVE_USLEEP 1
| /* end confdefs.h.  */
| /* Define fullfsync to an innocuous variant, in case <limits.h> declares fullfsync.
|    For example, HP-UX 11i <limits.h> declares gettimeofday.  */
| #define fullfsync innocuous_fullfsync
| 
| /* System header to define __stub macros and hopefully few prototypes,
|     which can conflict with char fullfsync (); below.
|     Prefer <limits.h> to <assert.h> if __STDC__ is defined, since
|     <limits.h> exists even on freestanding compilers.  */
| 
| #ifdef __STDC__
| # include <limits.h>
| #else
| # include <assert.h>
| #endif
| 
| #undef fullfsync
| 
| /* Override any GCC internal prototype to avoid an error.
|    Use char because int might match the return type of a GCC
|    builtin and then its argument prototype would still apply.  */
| #ifdef __cplusplus
| extern "C"
| #endif
| char fullfsync ();
| /* The GNU C library defines this for functions which it implements
|     to always fail with ENOSYS.  Some functions are actually named
|     something starting with __ and the normal name is an alias.  */
| #if defined __stub_fullfsync || defined __stub___fullfsync
| choke me
| #endif
| 
| int
| main ()
| {
| return fullfsync ();
|   ;
|   return 0;
| }
configure:9157: result: no
configure:9157: checking for localtime_r
configure:9157: gcc -o conftest -g -O2   conftest.c  >&5
configure:9157: $? = 0
configure:9157: result: yes
configure:9157: checking for gmtime_r
configure:9157: gcc -o conftest -g -O2   conftest.c  >&5
configure:9157: $? = 0
configure:9157: result: yes
configure:9166: checking whether strerror_r is declared
configure:9166: gcc -c -g -O2  conftest.c >&5
configure:9166: $? = 0
configure:9166: result: yes
configure:9179: checking for strerror_r
configure:9179: gcc -o conftest -g -O2   conftest.c  >&5
configure:9179: $? = 0
configure:9179: result: yes
configure:9188: checking whether strerror_r returns char *
configure:9212: gcc -c -g -O2  conftest.c >&5
conftest.c: In function 'main':
conftest.c:67:13: error: invalid type argument of unary '*' (have 'int')
   67 |    char x = *strerror_r (0, buf, sizeof buf);
      |             ^~~~~~~~~~~~~~~~~~~~~~~~~~~~~~~~
conftest.c:68:14: warning: initialization of 'char *' from 'int' makes pointer from integer without a cast [-Wint-conversion]
   68 |    char *p = strerror_r (0, buf, sizeof buf);
      |              ^~~~~~~~~~
configure:9212: $? = 1
configure: failed program was:
| /* confdefs.h */
| #define PACKAGE_NAME "sqlite"
| #define PACKAGE_TARNAME "sqlite"
| #define PACKAGE_VERSION "3.8.1"
| #define PACKAGE_STRING "sqlite 3.8.1"
| #define PACKAGE_BUGREPORT "http://www.sqlite.org"
| #define PACKAGE_URL ""
| #define PACKAGE "sqlite"
| #define VERSION "3.8.1"
| #define STDC_HEADERS 1
| #define HAVE_SYS_TYPES_H 1
| #define HAVE_SYS_STAT_H 1
| #define HAVE_STDLIB_H 1
| #define HAVE_STRING_H 1
| #define HAVE_MEMORY_H 1
| #define HAVE_STRINGS_H 1
| #define HAVE_INTTYPES_H 1
| #define HAVE_STDINT_H 1
| #define HAVE_UNISTD_H 1
| #define HAVE_DLFCN_H 1
| #define LT_OBJDIR ".libs/"
| #define HAVE_FDATASYNC 1
| #define HAVE_USLEEP 1
| #define HAVE_LOCALTIME_R 1
| #define HAVE_GMTIME_R 1
| #define HAVE_DECL_STRERROR_R 1
| #define HAVE_STRERROR_R 1
| /* end confdefs.h.  */
| #include <stdio.h>
| #ifdef HAVE_SYS_TYPES_H
| # include <sys/types.h>
| #endif
| #ifdef HAVE_SYS_STAT_H
| # include <sys/stat.h>
| #endif
| #ifdef STDC_HEADERS
| # include <stdlib.h>
| # include <stddef.h>
| #else
| # ifdef HAVE_STDLIB_H
| #  include <stdlib.h>
| # endif
| #endif
| #ifdef HAVE_STRING_H
| # if !defined STDC_HEADERS && defined HAVE_MEMORY_H
| #  include <memory.h>
| # endif
| # include <string.h>
| #endif
| #ifdef HAVE_STRINGS_H
| # include <strings.h>
| #endif
| #ifdef HAVE_INTTYPES_H
| # include <inttypes.h>
| #endif
| #ifdef HAVE_STDINT_H
| # include <stdint.h>
| #endif
| #ifdef HAVE_UNISTD_H
| # include <unistd.h>
| #endif
| int
| main ()
| {
| 
| 	  char buf[100];
| 	  char x = *strerror_r (0, buf, sizeof buf);
| 	  char *p = strerror_r (0, buf, sizeof buf);
| 	  return !p || x;
| 
|   ;
|   return 0;
| }
configure:9250: result: no
configure:9276: checking for library containing tgetent
configure:9307: gcc -o conftest -g -O2   conftest.c  >&5
/usr/bin/ld: /tmp/ccjCB37w.o: in function `main':
/home/mathangi/Desktop/PES/Sem 5/SE/Project/learning-flask/sqlite-autoconf-3080100/conftest.c:40: undefined reference to `tgetent'
collect2: error: ld returned 1 exit status
configure:9307: $? = 1
configure: failed program was:
| /* confdefs.h */
| #define PACKAGE_NAME "sqlite"
| #define PACKAGE_TARNAME "sqlite"
| #define PACKAGE_VERSION "3.8.1"
| #define PACKAGE_STRING "sqlite 3.8.1"
| #define PACKAGE_BUGREPORT "http://www.sqlite.org"
| #define PACKAGE_URL ""
| #define PACKAGE "sqlite"
| #define VERSION "3.8.1"
| #define STDC_HEADERS 1
| #define HAVE_SYS_TYPES_H 1
| #define HAVE_SYS_STAT_H 1
| #define HAVE_STDLIB_H 1
| #define HAVE_STRING_H 1
| #define HAVE_MEMORY_H 1
| #define HAVE_STRINGS_H 1
| #define HAVE_INTTYPES_H 1
| #define HAVE_STDINT_H 1
| #define HAVE_UNISTD_H 1
| #define HAVE_DLFCN_H 1
| #define LT_OBJDIR ".libs/"
| #define HAVE_FDATASYNC 1
| #define HAVE_USLEEP 1
| #define HAVE_LOCALTIME_R 1
| #define HAVE_GMTIME_R 1
| #define HAVE_DECL_STRERROR_R 1
| #define HAVE_STRERROR_R 1
| /* end confdefs.h.  */
| 
| /* Override any GCC internal prototype to avoid an error.
|    Use char because int might match the return type of a GCC
|    builtin and then its argument prototype would still apply.  */
| #ifdef __cplusplus
| extern "C"
| #endif
| char tgetent ();
| int
| main ()
| {
| return tgetent ();
|   ;
|   return 0;
| }
configure:9307: gcc -o conftest -g -O2   conftest.c -lcurses   >&5
configure:9307: $? = 0
configure:9324: result: -lcurses
configure:9332: checking for library containing readline
configure:9363: gcc -o conftest -g -O2   conftest.c -lcurses  >&5
/usr/bin/ld: /tmp/ccsYVyHl.o: in function `main':
/home/mathangi/Desktop/PES/Sem 5/SE/Project/learning-flask/sqlite-autoconf-3080100/conftest.c:40: undefined reference to `readline'
collect2: error: ld returned 1 exit status
configure:9363: $? = 1
configure: failed program was:
| /* confdefs.h */
| #define PACKAGE_NAME "sqlite"
| #define PACKAGE_TARNAME "sqlite"
| #define PACKAGE_VERSION "3.8.1"
| #define PACKAGE_STRING "sqlite 3.8.1"
| #define PACKAGE_BUGREPORT "http://www.sqlite.org"
| #define PACKAGE_URL ""
| #define PACKAGE "sqlite"
| #define VERSION "3.8.1"
| #define STDC_HEADERS 1
| #define HAVE_SYS_TYPES_H 1
| #define HAVE_SYS_STAT_H 1
| #define HAVE_STDLIB_H 1
| #define HAVE_STRING_H 1
| #define HAVE_MEMORY_H 1
| #define HAVE_STRINGS_H 1
| #define HAVE_INTTYPES_H 1
| #define HAVE_STDINT_H 1
| #define HAVE_UNISTD_H 1
| #define HAVE_DLFCN_H 1
| #define LT_OBJDIR ".libs/"
| #define HAVE_FDATASYNC 1
| #define HAVE_USLEEP 1
| #define HAVE_LOCALTIME_R 1
| #define HAVE_GMTIME_R 1
| #define HAVE_DECL_STRERROR_R 1
| #define HAVE_STRERROR_R 1
| /* end confdefs.h.  */
| 
| /* Override any GCC internal prototype to avoid an error.
|    Use char because int might match the return type of a GCC
|    builtin and then its argument prototype would still apply.  */
| #ifdef __cplusplus
| extern "C"
| #endif
| char readline ();
| int
| main ()
| {
| return readline ();
|   ;
|   return 0;
| }
configure:9363: gcc -o conftest -g -O2   conftest.c -lreadline  -lcurses  >&5
configure:9363: $? = 0
configure:9380: result: -lreadline
configure:9392: checking for readline
configure:9392: gcc -o conftest -g -O2   conftest.c -lreadline -lcurses  >&5
configure:9392: $? = 0
configure:9392: result: yes
configure:9420: checking for library containing pthread_create
configure:9451: gcc -o conftest -g -O2   conftest.c  >&5
/usr/bin/ld: /tmp/ccojUDk0.o: in function `main':
/home/mathangi/Desktop/PES/Sem 5/SE/Project/learning-flask/sqlite-autoconf-3080100/conftest.c:41: undefined reference to `pthread_create'
collect2: error: ld returned 1 exit status
configure:9451: $? = 1
configure: failed program was:
| /* confdefs.h */
| #define PACKAGE_NAME "sqlite"
| #define PACKAGE_TARNAME "sqlite"
| #define PACKAGE_VERSION "3.8.1"
| #define PACKAGE_STRING "sqlite 3.8.1"
| #define PACKAGE_BUGREPORT "http://www.sqlite.org"
| #define PACKAGE_URL ""
| #define PACKAGE "sqlite"
| #define VERSION "3.8.1"
| #define STDC_HEADERS 1
| #define HAVE_SYS_TYPES_H 1
| #define HAVE_SYS_STAT_H 1
| #define HAVE_STDLIB_H 1
| #define HAVE_STRING_H 1
| #define HAVE_MEMORY_H 1
| #define HAVE_STRINGS_H 1
| #define HAVE_INTTYPES_H 1
| #define HAVE_STDINT_H 1
| #define HAVE_UNISTD_H 1
| #define HAVE_DLFCN_H 1
| #define LT_OBJDIR ".libs/"
| #define HAVE_FDATASYNC 1
| #define HAVE_USLEEP 1
| #define HAVE_LOCALTIME_R 1
| #define HAVE_GMTIME_R 1
| #define HAVE_DECL_STRERROR_R 1
| #define HAVE_STRERROR_R 1
| #define HAVE_READLINE 1
| /* end confdefs.h.  */
| 
| /* Override any GCC internal prototype to avoid an error.
|    Use char because int might match the return type of a GCC
|    builtin and then its argument prototype would still apply.  */
| #ifdef __cplusplus
| extern "C"
| #endif
| char pthread_create ();
| int
| main ()
| {
| return pthread_create ();
|   ;
|   return 0;
| }
configure:9451: gcc -o conftest -g -O2   conftest.c -lpthread   >&5
configure:9451: $? = 0
configure:9468: result: -lpthread
configure:9491: checking for library containing dlopen
configure:9522: gcc -o conftest -g -O2   conftest.c -lpthread  >&5
/usr/bin/ld: /tmp/ccavnwqO.o: in function `main':
/home/mathangi/Desktop/PES/Sem 5/SE/Project/learning-flask/sqlite-autoconf-3080100/conftest.c:41: undefined reference to `dlopen'
collect2: error: ld returned 1 exit status
configure:9522: $? = 1
configure: failed program was:
| /* confdefs.h */
| #define PACKAGE_NAME "sqlite"
| #define PACKAGE_TARNAME "sqlite"
| #define PACKAGE_VERSION "3.8.1"
| #define PACKAGE_STRING "sqlite 3.8.1"
| #define PACKAGE_BUGREPORT "http://www.sqlite.org"
| #define PACKAGE_URL ""
| #define PACKAGE "sqlite"
| #define VERSION "3.8.1"
| #define STDC_HEADERS 1
| #define HAVE_SYS_TYPES_H 1
| #define HAVE_SYS_STAT_H 1
| #define HAVE_STDLIB_H 1
| #define HAVE_STRING_H 1
| #define HAVE_MEMORY_H 1
| #define HAVE_STRINGS_H 1
| #define HAVE_INTTYPES_H 1
| #define HAVE_STDINT_H 1
| #define HAVE_UNISTD_H 1
| #define HAVE_DLFCN_H 1
| #define LT_OBJDIR ".libs/"
| #define HAVE_FDATASYNC 1
| #define HAVE_USLEEP 1
| #define HAVE_LOCALTIME_R 1
| #define HAVE_GMTIME_R 1
| #define HAVE_DECL_STRERROR_R 1
| #define HAVE_STRERROR_R 1
| #define HAVE_READLINE 1
| /* end confdefs.h.  */
| 
| /* Override any GCC internal prototype to avoid an error.
|    Use char because int might match the return type of a GCC
|    builtin and then its argument prototype would still apply.  */
| #ifdef __cplusplus
| extern "C"
| #endif
| char dlopen ();
| int
| main ()
| {
| return dlopen ();
|   ;
|   return 0;
| }
configure:9522: gcc -o conftest -g -O2   conftest.c -ldl  -lpthread  >&5
configure:9522: $? = 0
configure:9539: result: -ldl
configure:9550: checking for whether to support dynamic extensions
configure:9552: result: yes
configure:9559: checking for posix_fallocate
configure:9559: gcc -o conftest -g -O2   conftest.c -ldl -lpthread  >&5
configure:9559: $? = 0
configure:9559: result: yes
configure:9756: creating ./config.status

## ---------------------- ##
## Running config.status. ##
## ---------------------- ##

This file was extended by sqlite config.status 3.8.1, which was
generated by GNU Autoconf 2.69.  Invocation command line was

  CONFIG_FILES    = 
  CONFIG_HEADERS  = 
  CONFIG_LINKS    = 
  CONFIG_COMMANDS = 
  $ ./config.status 

on mathangi

config.status:1001: creating Makefile
config.status:1001: creating sqlite3.pc
config.status:1173: executing depfiles commands
config.status:1173: executing libtool commands

## ---------------- ##
## Cache variables. ##
## ---------------- ##

ac_cv_build=x86_64-unknown-linux-gnu
ac_cv_c_compiler_gnu=yes
ac_cv_env_CC_set=
ac_cv_env_CC_value=
ac_cv_env_CFLAGS_set=
ac_cv_env_CFLAGS_value=
ac_cv_env_CPPFLAGS_set=
ac_cv_env_CPPFLAGS_value=
ac_cv_env_CPP_set=
ac_cv_env_CPP_value=
ac_cv_env_LDFLAGS_set=
ac_cv_env_LDFLAGS_value=
ac_cv_env_LIBS_set=
ac_cv_env_LIBS_value=
ac_cv_env_build_alias_set=
ac_cv_env_build_alias_value=
ac_cv_env_host_alias_set=
ac_cv_env_host_alias_value=
ac_cv_env_target_alias_set=
ac_cv_env_target_alias_value=
ac_cv_func_fdatasync=yes
ac_cv_func_fullfsync=no
ac_cv_func_gmtime_r=yes
ac_cv_func_localtime_r=yes
ac_cv_func_posix_fallocate=yes
ac_cv_func_readline=yes
ac_cv_func_strerror_r=yes
ac_cv_func_strerror_r_char_p=no
ac_cv_func_usleep=yes
ac_cv_have_decl_strerror_r=yes
ac_cv_header_dlfcn_h=yes
ac_cv_header_inttypes_h=yes
ac_cv_header_memory_h=yes
ac_cv_header_stdc=yes
ac_cv_header_stdint_h=yes
ac_cv_header_stdlib_h=yes
ac_cv_header_string_h=yes
ac_cv_header_strings_h=yes
ac_cv_header_sys_stat_h=yes
ac_cv_header_sys_types_h=yes
ac_cv_header_unistd_h=yes
ac_cv_host=x86_64-unknown-linux-gnu
ac_cv_objext=o
ac_cv_path_EGREP='/usr/bin/grep -E'
ac_cv_path_FGREP='/usr/bin/grep -F'
ac_cv_path_GREP=/usr/bin/grep
ac_cv_path_SED=/usr/bin/sed
ac_cv_path_install='/usr/bin/install -c'
ac_cv_path_mkdir=/usr/bin/mkdir
ac_cv_prog_AWK=gawk
ac_cv_prog_CPP='gcc -E'
ac_cv_prog_ac_ct_AR=ar
ac_cv_prog_ac_ct_CC=gcc
ac_cv_prog_ac_ct_MANIFEST_TOOL=mt
ac_cv_prog_ac_ct_OBJDUMP=objdump
ac_cv_prog_ac_ct_RANLIB=ranlib
ac_cv_prog_ac_ct_STRIP=strip
ac_cv_prog_cc_c89=
ac_cv_prog_cc_g=yes
ac_cv_prog_make_make_set=yes
ac_cv_search_dlopen=-ldl
ac_cv_search_pthread_create=-lpthread
ac_cv_search_readline=-lreadline
ac_cv_search_tgetent=-lcurses
ac_cv_sys_file_offset_bits=no
ac_cv_sys_largefile_CC=no
am_cv_CC_dependencies_compiler_type=gcc3
lt_cv_ar_at_file=@
lt_cv_archive_cmds_need_lc=no
lt_cv_deplibs_check_method=pass_all
lt_cv_file_magic_cmd='$MAGIC_CMD'
lt_cv_file_magic_test_file=
lt_cv_ld_reload_flag=-r
lt_cv_nm_interface='BSD nm'
lt_cv_objdir=.libs
lt_cv_path_LD=/usr/bin/ld
lt_cv_path_NM='/usr/bin/nm -B'
lt_cv_path_mainfest_tool=no
lt_cv_prog_compiler_c_o=yes
lt_cv_prog_compiler_pic='-fPIC -DPIC'
lt_cv_prog_compiler_pic_works=yes
lt_cv_prog_compiler_rtti_exceptions=no
lt_cv_prog_compiler_static_works=yes
lt_cv_prog_gnu_ld=yes
lt_cv_sharedlib_from_linklib_cmd='printf %s\n'
lt_cv_shlibpath_overrides_runpath=yes
lt_cv_sys_global_symbol_pipe='sed -n -e '\''s/^.*[	 ]\([ABCDGIRSTW][ABCDGIRSTW]*\)[	 ][	 ]*\([_A-Za-z][_A-Za-z0-9]*\)$/\1 \2 \2/p'\'' | sed '\''/ __gnu_lto/d'\'''
lt_cv_sys_global_symbol_to_c_name_address='sed -n -e '\''s/^: \([^ ]*\)[ ]*$/  {\"\1\", (void *) 0},/p'\'' -e '\''s/^[ABCDGIRSTW]* \([^ ]*\) \([^ ]*\)$/  {"\2", (void *) \&\2},/p'\'''
lt_cv_sys_global_symbol_to_c_name_address_lib_prefix='sed -n -e '\''s/^: \([^ ]*\)[ ]*$/  {\"\1\", (void *) 0},/p'\'' -e '\''s/^[ABCDGIRSTW]* \([^ ]*\) \(lib[^ ]*\)$/  {"\2", (void *) \&\2},/p'\'' -e '\''s/^[ABCDGIRSTW]* \([^ ]*\) \([^ ]*\)$/  {"lib\2", (void *) \&\2},/p'\'''
lt_cv_sys_global_symbol_to_cdecl='sed -n -e '\''s/^T .* \(.*\)$/extern int \1();/p'\'' -e '\''s/^[ABCDGIRSTW]* .* \(.*\)$/extern char \1;/p'\'''
lt_cv_sys_max_cmd_len=1572864
lt_cv_to_host_file_cmd=func_convert_file_noop
lt_cv_to_tool_file_cmd=func_convert_file_noop

## ----------------- ##
## Output variables. ##
## ----------------- ##

ACLOCAL='${SHELL} "/home/mathangi/Desktop/PES/Sem 5/SE/Project/learning-flask/sqlite-autoconf-3080100/missing" --run aclocal-1.11'
AMDEPBACKSLASH='\'
AMDEP_FALSE='#'
AMDEP_TRUE=''
AMTAR='$${TAR-tar}'
AR='ar'
AUTOCONF='${SHELL} "/home/mathangi/Desktop/PES/Sem 5/SE/Project/learning-flask/sqlite-autoconf-3080100/missing" --run autoconf'
AUTOHEADER='${SHELL} "/home/mathangi/Desktop/PES/Sem 5/SE/Project/learning-flask/sqlite-autoconf-3080100/missing" --run autoheader'
AUTOMAKE='${SHELL} "/home/mathangi/Desktop/PES/Sem 5/SE/Project/learning-flask/sqlite-autoconf-3080100/missing" --run automake-1.11'
AWK='gawk'
BUILD_CFLAGS=''
CC='gcc'
CCDEPMODE='depmode=gcc3'
CFLAGS='-g -O2'
CPP='gcc -E'
CPPFLAGS=''
CYGPATH_W='echo'
DEFS='-DPACKAGE_NAME=\"sqlite\" -DPACKAGE_TARNAME=\"sqlite\" -DPACKAGE_VERSION=\"3.8.1\" -DPACKAGE_STRING=\"sqlite\ 3.8.1\" -DPACKAGE_BUGREPORT=\"http://www.sqlite.org\" -DPACKAGE_URL=\"\" -DPACKAGE=\"sqlite\" -DVERSION=\"3.8.1\" -DSTDC_HEADERS=1 -DHAVE_SYS_TYPES_H=1 -DHAVE_SYS_STAT_H=1 -DHAVE_STDLIB_H=1 -DHAVE_STRING_H=1 -DHAVE_MEMORY_H=1 -DHAVE_STRINGS_H=1 -DHAVE_INTTYPES_H=1 -DHAVE_STDINT_H=1 -DHAVE_UNISTD_H=1 -DHAVE_DLFCN_H=1 -DLT_OBJDIR=\".libs/\" -DHAVE_FDATASYNC=1 -DHAVE_USLEEP=1 -DHAVE_LOCALTIME_R=1 -DHAVE_GMTIME_R=1 -DHAVE_DECL_STRERROR_R=1 -DHAVE_STRERROR_R=1 -DHAVE_READLINE=1 -DHAVE_POSIX_FALLOCATE=1'
DEPDIR='.deps'
DLLTOOL='false'
DSYMUTIL=''
DUMPBIN=''
DYNAMIC_EXTENSION_FLAGS=''
ECHO_C=''
ECHO_N='-n'
ECHO_T=''
EGREP='/usr/bin/grep -E'
EXEEXT=''
FGREP='/usr/bin/grep -F'
GREP='/usr/bin/grep'
INSTALL_DATA='${INSTALL} -m 644'
INSTALL_PROGRAM='${INSTALL}'
INSTALL_SCRIPT='${INSTALL}'
INSTALL_STRIP_PROGRAM='$(install_sh) -c -s'
LD='/usr/bin/ld -m elf_x86_64'
LDFLAGS=''
LIBOBJS=''
LIBS='-ldl -lpthread '
LIBTOOL='$(SHELL) $(top_builddir)/libtool'
LIPO=''
LN_S='ln -s'
LTLIBOBJS=''
MAKEINFO='${SHELL} "/home/mathangi/Desktop/PES/Sem 5/SE/Project/learning-flask/sqlite-autoconf-3080100/missing" --run makeinfo'
MANIFEST_TOOL=':'
MKDIR_P='/usr/bin/mkdir -p'
NM='/usr/bin/nm -B'
NMEDIT=''
OBJDUMP='objdump'
OBJEXT='o'
OTOOL64=''
OTOOL=''
PACKAGE='sqlite'
PACKAGE_BUGREPORT='http://www.sqlite.org'
PACKAGE_NAME='sqlite'
PACKAGE_STRING='sqlite 3.8.1'
PACKAGE_TARNAME='sqlite'
PACKAGE_URL=''
PACKAGE_VERSION='3.8.1'
PATH_SEPARATOR=':'
RANLIB='ranlib'
READLINE_LIBS='-lreadline -lcurses '
SED='/usr/bin/sed'
SET_MAKE=''
SHELL='/bin/bash'
STRIP='strip'
THREADSAFE_FLAGS='-D_REENTRANT=1 -DSQLITE_THREADSAFE=1'
VERSION='3.8.1'
ac_ct_AR='ar'
ac_ct_CC='gcc'
ac_ct_DUMPBIN=''
am__EXEEXT_FALSE=''
am__EXEEXT_TRUE='#'
am__fastdepCC_FALSE='#'
am__fastdepCC_TRUE=''
am__include='include'
am__isrc=''
am__leading_dot='.'
am__nodep='_no'
am__quote=''
am__tar='$${TAR-tar} chof - "$$tardir"'
am__untar='$${TAR-tar} xf -'
bindir='${exec_prefix}/bin'
build='x86_64-unknown-linux-gnu'
build_alias=''
build_cpu='x86_64'
build_os='linux-gnu'
build_vendor='unknown'
datadir='${datarootdir}'
datarootdir='${prefix}/share'
docdir='${datarootdir}/doc/${PACKAGE_TARNAME}'
dvidir='${docdir}'
exec_prefix='${prefix}'
host='x86_64-unknown-linux-gnu'
host_alias=''
host_cpu='x86_64'
host_os='linux-gnu'
host_vendor='unknown'
htmldir='${docdir}'
includedir='${prefix}/include'
infodir='${datarootdir}/info'
install_sh='${SHELL} '\''/home/mathangi/Desktop/PES/Sem 5/SE/Project/learning-flask/sqlite-autoconf-3080100/install-sh'\'''
libdir='${exec_prefix}/lib'
libexecdir='${exec_prefix}/libexec'
localedir='${datarootdir}/locale'
localstatedir='${prefix}/var'
mandir='${datarootdir}/man'
mkdir_p='/usr/bin/mkdir -p'
oldincludedir='/usr/include'
pdfdir='${docdir}'
prefix='/usr/local'
program_transform_name='s,x,x,'
psdir='${docdir}'
sbindir='${exec_prefix}/sbin'
sharedstatedir='${prefix}/com'
sysconfdir='${prefix}/etc'
target_alias=''

## ----------- ##
## confdefs.h. ##
## ----------- ##

/* confdefs.h */
#define PACKAGE_NAME "sqlite"
#define PACKAGE_TARNAME "sqlite"
#define PACKAGE_VERSION "3.8.1"
#define PACKAGE_STRING "sqlite 3.8.1"
#define PACKAGE_BUGREPORT "http://www.sqlite.org"
#define PACKAGE_URL ""
#define PACKAGE "sqlite"
#define VERSION "3.8.1"
#define STDC_HEADERS 1
#define HAVE_SYS_TYPES_H 1
#define HAVE_SYS_STAT_H 1
#define HAVE_STDLIB_H 1
#define HAVE_STRING_H 1
#define HAVE_MEMORY_H 1
#define HAVE_STRINGS_H 1
#define HAVE_INTTYPES_H 1
#define HAVE_STDINT_H 1
#define HAVE_UNISTD_H 1
#define HAVE_DLFCN_H 1
#define LT_OBJDIR ".libs/"
#define HAVE_FDATASYNC 1
#define HAVE_USLEEP 1
#define HAVE_LOCALTIME_R 1
#define HAVE_GMTIME_R 1
#define HAVE_DECL_STRERROR_R 1
#define HAVE_STRERROR_R 1
#define HAVE_READLINE 1
#define HAVE_POSIX_FALLOCATE 1

configure: exit 0
